<?xml version="1.0" encoding="UTF-8"?>
<testsuite name="org.java.qa.selenium.group.tests.ModificationContactTests" tests="1" skipped="0" failures="0" errors="0" timestamp="2022-11-18T06:27:14" hostname="LAPTOP-EMDCMUOG" time="1.461">
  <properties/>
  <testcase name="testContactModification" classname="org.java.qa.selenium.group.tests.ModificationContactTests" time="1.461"/>
  <system-out><![CDATA[]]></system-out>
  <system-err><![CDATA[1668752830614	geckodriver	INFO	Listening on 127.0.0.1:33104
1668752831761	mozrunner::runner	INFO	Running command: "C:\\Program Files\\Mozilla Firefox\\firefox.exe" "--marionette" "--remote-debugging-port" "8496" "--remote-allow-hosts" "localhost" "--remote-allow-origins" "http://127.0.0.1:8496/,http://localhost:8496/,http://[::1]:8496/" "-no-remote" "-profile" "C:\\Users\\Snegov\\AppData\\Local\\Temp\\rust_mozprofiledlF2Cy"
1668752832113	Marionette	INFO	Marionette enabled
1668752832119	Marionette	INFO	Listening on port 59785
WebDriver BiDi listening on ws://127.0.0.1:8496
Read port: 59785
1668752832374	RemoteAgent	WARN	TLS certificate errors will be ignored for this session
console.warn: SearchSettings: "get: No settings file exists, new profile?" (new NotFoundError("Could not open the file at C:\\Users\\Snegov\\AppData\\Local\\Temp\\rust_mozprofiledlF2Cy\\search.json.mozlz4", (void 0)))
DevTools listening on ws://127.0.0.1:8496/devtools/browser/c264006e-50ba-4375-a1b2-60b967dac519
console.warn: LoginRecipes: "Falling back to a synchronous message for: http://localhost."
console.warn: LoginRecipes: "Falling back to a synchronous message for: http://localhost."
]]></system-err>
</testsuite>
