<?xml version="1.0" encoding="UTF-8"?>
<testsuite name="org.java.qa.selenium.AddressBookTests" tests="1" skipped="0" failures="0" errors="0" timestamp="2022-11-10T14:31:39" hostname="LAPTOP-EMDCMUOG" time="1.863">
  <properties/>
  <testcase name="addGroupTest" classname="org.java.qa.selenium.AddressBookTests" time="1.863"/>
  <system-out><![CDATA[]]></system-out>
  <system-err><![CDATA[1668090695963	geckodriver	INFO	Listening on 127.0.0.1:6982
1668090697094	mozrunner::runner	INFO	Running command: "C:\\Program Files\\Mozilla Firefox\\firefox.exe" "--marionette" "--remote-debugging-port" "47079" "--remote-allow-hosts" "localhost" "--remote-allow-origins" "http://127.0.0.1:47079/,http://localhost:47079/,http://[::1]:47079/" "-no-remote" "-profile" "C:\\Users\\Snegov\\AppData\\Local\\Temp\\rust_mozprofileR1FcpD"
1668090697426	Marionette	INFO	Marionette enabled
1668090697431	Marionette	INFO	Listening on port 61892
Read port: 61892
WebDriver BiDi listening on ws://127.0.0.1:47079
1668090697526	RemoteAgent	WARN	TLS certificate errors will be ignored for this session
console.warn: SearchSettings: "get: No settings file exists, new profile?" (new NotFoundError("Could not open the file at C:\\Users\\Snegov\\AppData\\Local\\Temp\\rust_mozprofileR1FcpD\\search.json.mozlz4", (void 0)))
DevTools listening on ws://127.0.0.1:47079/devtools/browser/6d91e9cc-db5b-4826-a3c1-627e90bf12aa
console.warn: LoginRecipes: "Falling back to a synchronous message for: http://localhost."
console.warn: LoginRecipes: "Falling back to a synchronous message for: http://localhost."
]]></system-err>
</testsuite>
