<?xml version="1.0" encoding="UTF-8"?>
<testsuite name="org.java.qa.selenium.group.tests.ModificationContactTests" tests="1" skipped="0" failures="0" errors="0" timestamp="2022-12-12T14:20:19" hostname="LAPTOP-EMDCMUOG" time="1.617">
  <properties/>
  <testcase name="testContactModification" classname="org.java.qa.selenium.group.tests.ModificationContactTests" time="1.617"/>
  <system-out><![CDATA[]]></system-out>
  <system-err><![CDATA[1670854815068	geckodriver	INFO	Listening on 127.0.0.1:4897
1670854816195	mozrunner::runner	INFO	Running command: "C:\\Program Files\\Mozilla Firefox\\firefox.exe" "--marionette" "--remote-debugging-port" "36953" "--remote-allow-hosts" "localhost" "--remote-allow-origins" "http://127.0.0.1:36953/,http://localhost:36953/,http://[::1]:36953/" "-no-remote" "-profile" "C:\\Users\\Snegov\\AppData\\Local\\Temp\\rust_mozprofilegjfHMO"
1670854816522	Marionette	INFO	Marionette enabled
1670854816529	Marionette	INFO	Listening on port 58592
Read port: 58592
WebDriver BiDi listening on ws://127.0.0.1:36953
1670854816619	RemoteAgent	WARN	TLS certificate errors will be ignored for this session
console.warn: SearchSettings: "get: No settings file exists, new profile?" (new NotFoundError("Could not open the file at C:\\Users\\Snegov\\AppData\\Local\\Temp\\rust_mozprofilegjfHMO\\search.json.mozlz4", (void 0)))
DevTools listening on ws://127.0.0.1:36953/devtools/browser/1122662a-b3fa-45d6-9335-d8204ea2aa41
console.warn: LoginRecipes: "Falling back to a synchronous message for: http://localhost."
console.warn: LoginRecipes: "Falling back to a synchronous message for: http://localhost."
]]></system-err>
</testsuite>
