<?xml version="1.0" encoding="UTF-8"?>
<testsuite name="org.java.qa.selenium.group.tests.DeleteContactTests" tests="1" skipped="0" failures="0" errors="0" timestamp="2022-11-30T05:46:23" hostname="LAPTOP-EMDCMUOG" time="2.862">
  <properties/>
  <testcase name="deleteContact" classname="org.java.qa.selenium.group.tests.DeleteContactTests" time="2.862"/>
  <system-out><![CDATA[]]></system-out>
  <system-err><![CDATA[1669787178672	geckodriver	INFO	Listening on 127.0.0.1:3253
1669787179770	mozrunner::runner	INFO	Running command: "C:\\Program Files\\Mozilla Firefox\\firefox.exe" "--marionette" "--remote-debugging-port" "43527" "--remote-allow-hosts" "localhost" "--remote-allow-origins" "http://127.0.0.1:43527/,http://localhost:43527/,http://[::1]:43527/" "-no-remote" "-profile" "C:\\Users\\Snegov\\AppData\\Local\\Temp\\rust_mozprofileUFab7K"
1669787180097	Marionette	INFO	Marionette enabled
1669787180103	Marionette	INFO	Listening on port 63935
Read port: 63935
WebDriver BiDi listening on ws://127.0.0.1:43527
1669787180219	RemoteAgent	WARN	TLS certificate errors will be ignored for this session
console.warn: SearchSettings: "get: No settings file exists, new profile?" (new NotFoundError("Could not open the file at C:\\Users\\Snegov\\AppData\\Local\\Temp\\rust_mozprofileUFab7K\\search.json.mozlz4", (void 0)))
DevTools listening on ws://127.0.0.1:43527/devtools/browser/a8b8a5e6-6a8e-4d55-859c-077cf82c0906
console.warn: LoginRecipes: "Falling back to a synchronous message for: http://localhost."
console.warn: LoginRecipes: "Falling back to a synchronous message for: http://localhost."
]]></system-err>
</testsuite>
