<?xml version="1.0" encoding="UTF-8"?>
<testsuite name="org.java.qa.selenium.group.tests.CreateContactTests" tests="1" skipped="0" failures="0" errors="0" timestamp="2022-11-16T06:05:18" hostname="LAPTOP-EMDCMUOG" time="1.657">
  <properties/>
  <testcase name="createContact" classname="org.java.qa.selenium.group.tests.CreateContactTests" time="1.657"/>
  <system-out><![CDATA[]]></system-out>
  <system-err><![CDATA[1668578714119	geckodriver	INFO	Listening on 127.0.0.1:43197
1668578715222	mozrunner::runner	INFO	Running command: "C:\\Program Files\\Mozilla Firefox\\firefox.exe" "--marionette" "--remote-debugging-port" "26171" "--remote-allow-hosts" "localhost" "--remote-allow-origins" "http://127.0.0.1:26171/,http://localhost:26171/,http://[::1]:26171/" "-no-remote" "-profile" "C:\\Users\\Snegov\\AppData\\Local\\Temp\\rust_mozprofileXHrjHQ"
1668578715548	Marionette	INFO	Marionette enabled
1668578715553	Marionette	INFO	Listening on port 53914
Read port: 53914
WebDriver BiDi listening on ws://127.0.0.1:26171
1668578715642	RemoteAgent	WARN	TLS certificate errors will be ignored for this session
console.warn: SearchSettings: "get: No settings file exists, new profile?" (new NotFoundError("Could not open the file at C:\\Users\\Snegov\\AppData\\Local\\Temp\\rust_mozprofileXHrjHQ\\search.json.mozlz4", (void 0)))
DevTools listening on ws://127.0.0.1:26171/devtools/browser/1b43e1f8-db90-47c3-a909-8eca46da69eb
console.warn: LoginRecipes: "Falling back to a synchronous message for: http://localhost."
console.warn: LoginRecipes: "Falling back to a synchronous message for: http://localhost."
]]></system-err>
</testsuite>
