<?xml version="1.0" encoding="UTF-8"?>
<testsuite name="org.java.qa.selenium.group.tests.ModificationContactTests" tests="1" skipped="0" failures="0" errors="0" timestamp="2022-11-28T06:20:05" hostname="LAPTOP-EMDCMUOG" time="1.639">
  <properties/>
  <testcase name="testContactModification" classname="org.java.qa.selenium.group.tests.ModificationContactTests" time="1.639"/>
  <system-out><![CDATA[]]></system-out>
  <system-err><![CDATA[1669616400136	geckodriver	INFO	Listening on 127.0.0.1:46869
1669616401791	mozrunner::runner	INFO	Running command: "C:\\Program Files\\Mozilla Firefox\\firefox.exe" "--marionette" "--remote-debugging-port" "12116" "--remote-allow-hosts" "localhost" "--remote-allow-origins" "http://127.0.0.1:12116/,http://localhost:12116/,http://[::1]:12116/" "-no-remote" "-profile" "C:\\Users\\Snegov\\AppData\\Local\\Temp\\rust_mozprofilePBXJzP"
1669616402249	Marionette	INFO	Marionette enabled
1669616402258	Marionette	INFO	Listening on port 54551
WebDriver BiDi listening on ws://127.0.0.1:12116
Read port: 54551
1669616402423	RemoteAgent	WARN	TLS certificate errors will be ignored for this session
console.warn: SearchSettings: "get: No settings file exists, new profile?" (new NotFoundError("Could not open the file at C:\\Users\\Snegov\\AppData\\Local\\Temp\\rust_mozprofilePBXJzP\\search.json.mozlz4", (void 0)))
DevTools listening on ws://127.0.0.1:12116/devtools/browser/b2791e6e-7f2b-4dd6-a1c9-0dcc6eef25cf
console.warn: LoginRecipes: "Falling back to a synchronous message for: http://localhost."
console.warn: LoginRecipes: "Falling back to a synchronous message for: http://localhost."
]]></system-err>
</testsuite>
