<?xml version="1.0" encoding="UTF-8"?>
<testsuite name="org.java.qa.selenium.AddressBookTests" tests="1" skipped="0" failures="0" errors="0" timestamp="2022-11-11T05:20:03" hostname="LAPTOP-EMDCMUOG" time="1.416">
  <properties/>
  <testcase name="addGroup" classname="org.java.qa.selenium.AddressBookTests" time="1.416"/>
  <system-out><![CDATA[]]></system-out>
  <system-err><![CDATA[1668143999942	geckodriver	INFO	Listening on 127.0.0.1:25409
1668144001102	mozrunner::runner	INFO	Running command: "C:\\Program Files\\Mozilla Firefox\\firefox.exe" "--marionette" "--remote-debugging-port" "37035" "--remote-allow-hosts" "localhost" "--remote-allow-origins" "http://127.0.0.1:37035/,http://localhost:37035/,http://[::1]:37035/" "-no-remote" "-profile" "C:\\Users\\Snegov\\AppData\\Local\\Temp\\rust_mozprofileELxKAL"
1668144001424	Marionette	INFO	Marionette enabled
1668144001429	Marionette	INFO	Listening on port 64263
Read port: 64263
WebDriver BiDi listening on ws://127.0.0.1:37035
1668144001521	RemoteAgent	WARN	TLS certificate errors will be ignored for this session
console.warn: SearchSettings: "get: No settings file exists, new profile?" (new NotFoundError("Could not open the file at C:\\Users\\Snegov\\AppData\\Local\\Temp\\rust_mozprofileELxKAL\\search.json.mozlz4", (void 0)))
DevTools listening on ws://127.0.0.1:37035/devtools/browser/6bcb207d-9808-42e8-a51c-6f674d9e3654
console.warn: LoginRecipes: "Falling back to a synchronous message for: http://localhost."
console.warn: LoginRecipes: "Falling back to a synchronous message for: http://localhost."
]]></system-err>
</testsuite>
