<?xml version="1.0" encoding="UTF-8"?>
<testsuite name="org.java.qa.selenium.addressbook.tests.CreateContactTests" tests="1" skipped="0" failures="0" errors="0" timestamp="2022-11-16T05:01:30" hostname="LAPTOP-EMDCMUOG" time="2.177">
  <properties/>
  <testcase name="createContact" classname="org.java.qa.selenium.addressbook.tests.CreateContactTests" time="2.177"/>
  <system-out><![CDATA[]]></system-out>
  <system-err><![CDATA[1668574886789	geckodriver	INFO	Listening on 127.0.0.1:19298
1668574887961	mozrunner::runner	INFO	Running command: "C:\\Program Files\\Mozilla Firefox\\firefox.exe" "--marionette" "--remote-debugging-port" "45495" "--remote-allow-hosts" "localhost" "--remote-allow-origins" "http://127.0.0.1:45495/,http://localhost:45495/,http://[::1]:45495/" "-no-remote" "-profile" "C:\\Users\\Snegov\\AppData\\Local\\Temp\\rust_mozprofileBKbNtZ"
1668574888270	Marionette	INFO	Marionette enabled
1668574888275	Marionette	INFO	Listening on port 53088
Read port: 53088
WebDriver BiDi listening on ws://127.0.0.1:45495
1668574888370	RemoteAgent	WARN	TLS certificate errors will be ignored for this session
console.warn: SearchSettings: "get: No settings file exists, new profile?" (new NotFoundError("Could not open the file at C:\\Users\\Snegov\\AppData\\Local\\Temp\\rust_mozprofileBKbNtZ\\search.json.mozlz4", (void 0)))
DevTools listening on ws://127.0.0.1:45495/devtools/browser/ad35c7f0-658d-420f-9584-6a9cde4ca2c0
console.warn: LoginRecipes: "Falling back to a synchronous message for: http://localhost."
console.warn: LoginRecipes: "Falling back to a synchronous message for: http://localhost."
]]></system-err>
</testsuite>
