<?xml version="1.0" encoding="UTF-8"?>
<testsuite name="org.java.qa.selenium.ChromeTests" tests="1" skipped="0" failures="0" errors="0" timestamp="2022-11-10T13:33:26" hostname="LAPTOP-EMDCMUOG" time="1.166">
  <properties/>
  <testcase name="addCountryTest" classname="org.java.qa.selenium.ChromeTests" time="1.166"/>
  <system-out><![CDATA[]]></system-out>
  <system-err><![CDATA[Starting ChromeDriver 107.0.5304.62 (1eec40d3a5764881c92085aaee66d25075c159aa-refs/branch-heads/5304@{#942}) on port 42069
Only local connections are allowed.
Please see https://chromedriver.chromium.org/security-considerations for suggestions on keeping ChromeDriver safe.
ChromeDriver was started successfully.
]]></system-err>
</testsuite>
